2020.10.09 20:48:00 INFO  started: Metals version 0.9.4 in workspace '/home/nchatterjee/kotlin-language-server' .
2020.10.09 20:48:03 INFO  time: initialize in 2.11s
2020.10.09 20:48:08 INFO  running '/home/nchatterjee/kotlin-language-server/gradlew --console=plain --init-script /tmp/metals17037994278009857586/init-script.gradle bloopInstall'
2020.10.09 20:48:11 INFO  > Task :configureBloopInstall
2020.10.09 20:48:14 INFO  > Task :bloopInstall
2020.10.09 20:48:14 INFO  > Task :grammars:configureBloopInstall
2020.10.09 20:48:14 INFO  > Task :grammars:bloopInstall
2020.10.09 20:48:14 INFO  > Task :server:configureBloopInstall
2020.10.09 20:48:24 INFO  > Task :server:bloopInstall
2020.10.09 20:48:24 INFO  > Task :shared:configureBloopInstall
2020.10.09 20:48:24 INFO  > Task :shared:bloopInstall
2020.10.09 20:48:24 INFO  
2020.10.09 20:48:24 INFO  Deprecated Gradle features were used in this build, making it incompatible with Gradle 7.0.
2020.10.09 20:48:24 INFO  Use '--warning-mode all' to show the individual deprecation warnings.
2020.10.09 20:48:24 INFO  See https://docs.gradle.org/6.6.1/userguide/command_line_interface.html#sec:command_line_warnings
2020.10.09 20:48:24 INFO  
2020.10.09 20:48:24 INFO  BUILD SUCCESSFUL in 15s
2020.10.09 20:48:24 INFO  8 actionable tasks: 8 executed
2020.10.09 20:48:24 INFO  build tool exit: 0
2020.10.09 20:48:24 INFO  time: ran 'gradle bloopInstall' in 15s
Starting the bsp launcher for bloop...
Opening a bsp server connection with 'bsp --protocol local --socket /tmp/bsp-launcher13130323922315414644/bsp.socket'...
Waiting for the bsp connection to come up...
Waiting for the bsp connection to come up...
Waiting for the bsp connection to come up...
Waiting for the bsp connection to come up...
No server running at 127.0.0.1:8212, let's fire one...
Resolving ch.epfl.scala:bloop-frontend_2.12:1.4.4-13-408f4d80...
Starting bloop server at 127.0.0.1:8212...
Attempting a connection to the server...
Attempting a connection to the server...
Attempting a connection to the server...
Attempting a connection to the server...
Attempting a connection to the server...
Attempting a connection to the server...
Attempting a connection to the server...
[0m[32m[D][0m Waiting for a connection at local:///tmp/bsp-launcher13130323922315414644/bsp.socket...
The server is listening for incoming connections at local:///tmp/bsp-launcher13130323922315414644/bsp.socket...
Starting thread that pumps stdin and redirects it to the bsp server...
Starting thread that pumps server stdout and redirects it to the client stdout...
2020.10.09 20:48:28 INFO  tracing is disabled for protocol BSP, to enable tracing of incoming and outgoing JSON messages create an empty file at /home/nchatterjee/.cache/metals/bsp.trace.json
2020.10.09 20:48:29 INFO  time: connected to build server in 4.98s
2020.10.09 20:48:29 INFO  Connected to Build server v1.4.4-13-408f4d80
2020.10.09 20:48:28 INFO  time: imported build in 0.26s
2020.10.09 20:48:32 INFO  time: indexed workspace in 2.34s
Unexpected exception when forwarding server stdin ---> client stdout
java.io.IOException: com.sun.jna.LastErrorException: [104] Connection reset by peer
	at bloop.sockets.UnixDomainSocket$UnixDomainSocketInputStream.doRead(UnixDomainSocket.java:171)
	at bloop.sockets.UnixDomainSocket$UnixDomainSocketInputStream.read(UnixDomainSocket.java:156)
	at java.base/java.nio.channels.Channels$ReadableByteChannelImpl.read(Channels.java:388)
	at bloop.launcher.bsp.BspBridge.copyContents(BspBridge.scala:289)
	at bloop.launcher.bsp.BspBridge.forwardStreamContents(BspBridge.scala:275)
	at bloop.launcher.bsp.BspBridge.$anonfun$wireBspConnectionStreams$2(BspBridge.scala:228)
	at bloop.bloopgun.core.Shell$$anon$2.run(Shell.scala:155)
Caused by: com.sun.jna.LastErrorException: [104] Connection reset by peer
	at bloop.sockets.UnixDomainSocketLibrary.read(Native Method)
	at bloop.sockets.UnixDomainSocket$UnixDomainSocketInputStream.doRead(UnixDomainSocket.java:169)
	... 6 more
